{"C:\\Users\\lench\\stellar-burgers\\src\\services\\store.ts": {"path":"C:\\Users\\lench\\stellar-burgers\\src\\services\\store.ts","statementMap":{"0":{"start":{"line":1,"column":0},"end":{"line":1,"column":50}},"1":{"start":{"line":2,"column":0},"end":{"line":2,"column":117}},"2":{"start":{"line":3,"column":0},"end":{"line":3,"column":59}},"3":{"start":{"line":4,"column":0},"end":{"line":4,"column":59}},"4":{"start":{"line":5,"column":0},"end":{"line":5,"column":47}},"5":{"start":{"line":6,"column":0},"end":{"line":6,"column":45}},"6":{"start":{"line":7,"column":0},"end":{"line":7,"column":45}},"7":{"start":{"line":8,"column":0},"end":{"line":8,"column":63}},"8":{"start":{"line":10,"column":13},"end":{"line":20,"column":3}},"9":{"start":{"line":25,"column":27},"end":{"line":25,"column":49}},"10":{"start":{"line":25,"column":33},"end":{"line":25,"column":65}},"11":{"start":{"line":25,"column":13},"end":{"line":25,"column":27}},"12":{"start":{"line":26,"column":13},"end":{"line":26,"column":77}}},"fnMap":{"0":{"name":"(anonymous_1)","decl":{"start":{"line":25,"column":27},"end":{"line":25,"column":33}},"loc":{"start":{"line":25,"column":27},"end":{"line":25,"column":49}}}},"branchMap":{},"s":{"0":1,"1":1,"2":1,"3":1,"4":1,"5":1,"6":1,"7":1,"8":1,"9":1,"10":0,"11":1,"12":1},"f":{"0":0},"b":{}}
,"C:\\Users\\lench\\stellar-burgers\\src\\services\\middleware\\socketMiddleware.ts": {"path":"C:\\Users\\lench\\stellar-burgers\\src\\services\\middleware\\socketMiddleware.ts","statementMap":{"0":{"start":{"line":4,"column":32},"end":{"line":36,"column":1}},"1":{"start":{"line":5,"column":2},"end":{"line":35,"column":4}},"2":{"start":{"line":6,"column":35},"end":{"line":6,"column":39}},"3":{"start":{"line":8,"column":4},"end":{"line":34,"column":6}},"4":{"start":{"line":8,"column":21},"end":{"line":34,"column":6}},"5":{"start":{"line":9,"column":6},"end":{"line":26,"column":7}},"6":{"start":{"line":10,"column":8},"end":{"line":10,"column":47}},"7":{"start":{"line":12,"column":8},"end":{"line":13,"column":10}},"8":{"start":{"line":15,"column":8},"end":{"line":18,"column":10}},"9":{"start":{"line":16,"column":23},"end":{"line":16,"column":45}},"10":{"start":{"line":17,"column":10},"end":{"line":17,"column":68}},"11":{"start":{"line":20,"column":8},"end":{"line":22,"column":10}},"12":{"start":{"line":21,"column":10},"end":{"line":21,"column":51}},"13":{"start":{"line":24,"column":8},"end":{"line":25,"column":10}},"14":{"start":{"line":28,"column":6},"end":{"line":31,"column":7}},"15":{"start":{"line":29,"column":8},"end":{"line":29,"column":23}},"16":{"start":{"line":30,"column":8},"end":{"line":30,"column":22}},"17":{"start":{"line":33,"column":6},"end":{"line":33,"column":26}},"18":{"start":{"line":4,"column":13},"end":{"line":4,"column":32}}},"fnMap":{"0":{"name":"(anonymous_0)","decl":{"start":{"line":4,"column":32},"end":{"line":4,"column":null}},"loc":{"start":{"line":4,"column":32},"end":{"line":36,"column":1}}},"1":{"name":"(anonymous_1)","decl":{"start":{"line":5,"column":9},"end":{"line":5,"column":10}},"loc":{"start":{"line":5,"column":15},"end":{"line":35,"column":3}}},"2":{"name":"(anonymous_2)","decl":{"start":{"line":8,"column":11},"end":{"line":8,"column":12}},"loc":{"start":{"line":8,"column":16},"end":{"line":8,"column":22}}},"3":{"name":"(anonymous_3)","decl":{"start":{"line":8,"column":21},"end":{"line":8,"column":22}},"loc":{"start":{"line":8,"column":33},"end":{"line":34,"column":5}}},"4":{"name":"(anonymous_4)","decl":{"start":{"line":12,"column":24},"end":{"line":12,"column":null}},"loc":{"start":{"line":12,"column":24},"end":{"line":13,"column":9}}},"5":{"name":"(anonymous_5)","decl":{"start":{"line":15,"column":27},"end":{"line":15,"column":28}},"loc":{"start":{"line":15,"column":33},"end":{"line":18,"column":9}}},"6":{"name":"(anonymous_6)","decl":{"start":{"line":20,"column":25},"end":{"line":20,"column":26}},"loc":{"start":{"line":20,"column":31},"end":{"line":22,"column":9}}},"7":{"name":"(anonymous_7)","decl":{"start":{"line":24,"column":25},"end":{"line":24,"column":null}},"loc":{"start":{"line":24,"column":25},"end":{"line":25,"column":9}}}},"branchMap":{"0":{"loc":{"start":{"line":9,"column":6},"end":{"line":26,"column":7}},"type":"if","locations":[{"start":{"line":9,"column":6},"end":{"line":26,"column":7}}]},"1":{"loc":{"start":{"line":28,"column":6},"end":{"line":31,"column":7}},"type":"if","locations":[{"start":{"line":28,"column":6},"end":{"line":31,"column":7}}]},"2":{"loc":{"start":{"line":28,"column":10},"end":{"line":28,"column":53}},"type":"binary-expr","locations":[{"start":{"line":28,"column":10},"end":{"line":28,"column":43}},{"start":{"line":28,"column":47},"end":{"line":28,"column":53}}]}},"s":{"0":0,"1":0,"2":0,"3":0,"4":0,"5":0,"6":0,"7":0,"8":0,"9":0,"10":0,"11":0,"12":0,"13":0,"14":0,"15":0,"16":0,"17":0,"18":0},"f":{"0":0,"1":0,"2":0,"3":0,"4":0,"5":0,"6":0,"7":0},"b":{"0":[0],"1":[0],"2":[0,0]}}
,"C:\\Users\\lench\\stellar-burgers\\src\\services\\slices\\constructorSlice.ts": {"path":"C:\\Users\\lench\\stellar-burgers\\src\\services\\slices\\constructorSlice.ts","statementMap":{"0":{"start":{"line":1,"column":0},"end":{"line":1,"column":62}},"1":{"start":{"line":5,"column":39},"end":{"line":8,"column":2}},"2":{"start":{"line":10,"column":25},"end":{"line":39,"column":2}},"3":{"start":{"line":15,"column":38},"end":{"line":15,"column":52}},"4":{"start":{"line":15,"column":18},"end":{"line":15,"column":20}},"5":{"start":{"line":15,"column":33},"end":{"line":15,"column":38}},"6":{"start":{"line":16,"column":28},"end":{"line":16,"column":85}},"7":{"start":{"line":17,"column":6},"end":{"line":21,"column":7}},"8":{"start":{"line":18,"column":8},"end":{"line":18,"column":37}},"9":{"start":{"line":20,"column":8},"end":{"line":20,"column":49}},"10":{"start":{"line":24,"column":6},"end":{"line":26,"column":8}},"11":{"start":{"line":25,"column":18},"end":{"line":25,"column":null}},"12":{"start":{"line":29,"column":37},"end":{"line":29,"column":51}},"13":{"start":{"line":29,"column":23},"end":{"line":29,"column":25}},"14":{"start":{"line":29,"column":32},"end":{"line":29,"column":37}},"15":{"start":{"line":30,"column":24},"end":{"line":30,"column":52}},"16":{"start":{"line":31,"column":6},"end":{"line":31,"column":45}},"17":{"start":{"line":32,"column":6},"end":{"line":32,"column":54}},"18":{"start":{"line":35,"column":6},"end":{"line":35,"column":23}},"19":{"start":{"line":36,"column":6},"end":{"line":36,"column":29}},"20":{"start":{"line":41,"column":15},"end":{"line":41,"column":null}},"21":{"start":{"line":43,"column":0},"end":{"line":43,"column":40}}},"fnMap":{"0":{"name":"(anonymous_2)","decl":{"start":{"line":14,"column":19},"end":{"line":14,"column":20}},"loc":{"start":{"line":14,"column":94},"end":{"line":22,"column":5}}},"1":{"name":"(anonymous_3)","decl":{"start":{"line":23,"column":22},"end":{"line":23,"column":23}},"loc":{"start":{"line":23,"column":59},"end":{"line":27,"column":5}}},"2":{"name":"(anonymous_4)","decl":{"start":{"line":25,"column":8},"end":{"line":25,"column":9}},"loc":{"start":{"line":25,"column":13},"end":{"line":25,"column":22}}},"3":{"name":"(anonymous_5)","decl":{"start":{"line":28,"column":20},"end":{"line":28,"column":21}},"loc":{"start":{"line":28,"column":89},"end":{"line":33,"column":5}}},"4":{"name":"(anonymous_6)","decl":{"start":{"line":34,"column":22},"end":{"line":34,"column":23}},"loc":{"start":{"line":34,"column":28},"end":{"line":37,"column":5}}}},"branchMap":{"0":{"loc":{"start":{"line":17,"column":6},"end":{"line":21,"column":7}},"type":"if","locations":[{"start":{"line":17,"column":6},"end":{"line":21,"column":7}},{"start":{"line":19,"column":13},"end":{"line":21,"column":7}}]}},"s":{"0":2,"1":2,"2":2,"3":2,"4":2,"5":2,"6":2,"7":2,"8":1,"9":1,"10":1,"11":1,"12":1,"13":1,"14":1,"15":1,"16":1,"17":1,"18":1,"19":1,"20":2,"21":2},"f":{"0":2,"1":1,"2":1,"3":1,"4":1},"b":{"0":[1,1]}}
,"C:\\Users\\lench\\stellar-burgers\\src\\services\\slices\\feedSlice.ts": {"path":"C:\\Users\\lench\\stellar-burgers\\src\\services\\slices\\feedSlice.ts","statementMap":{"0":{"start":{"line":1,"column":0},"end":{"line":1,"column":80}},"1":{"start":{"line":2,"column":0},"end":{"line":2,"column":53}},"2":{"start":{"line":13,"column":32},"end":{"line":19,"column":2}},"3":{"start":{"line":21,"column":13},"end":{"line":27,"column":2}},"4":{"start":{"line":23,"column":2},"end":{"line":26,"column":null}},"5":{"start":{"line":24,"column":21},"end":{"line":24,"column":null}},"6":{"start":{"line":24,"column":10},"end":{"line":24,"column":null}},"7":{"start":{"line":25,"column":4},"end":{"line":25,"column":20}},"8":{"start":{"line":29,"column":18},"end":{"line":50,"column":2}},"9":{"start":{"line":34,"column":4},"end":{"line":48,"column":9}},"10":{"start":{"line":36,"column":8},"end":{"line":36,"column":29}},"11":{"start":{"line":37,"column":8},"end":{"line":37,"column":27}},"12":{"start":{"line":40,"column":8},"end":{"line":40,"column":30}},"13":{"start":{"line":41,"column":8},"end":{"line":41,"column":45}},"14":{"start":{"line":42,"column":8},"end":{"line":42,"column":43}},"15":{"start":{"line":43,"column":8},"end":{"line":43,"column":53}},"16":{"start":{"line":46,"column":8},"end":{"line":46,"column":30}},"17":{"start":{"line":47,"column":8},"end":{"line":47,"column":70}},"18":{"start":{"line":52,"column":0},"end":{"line":52,"column":33}}},"fnMap":{"0":{"name":"(anonymous_13)","decl":{"start":{"line":23,"column":2},"end":{"line":23,"column":null}},"loc":{"start":{"line":23,"column":2},"end":{"line":26,"column":null}}},"1":{"name":"(anonymous_16)","decl":{"start":{"line":33,"column":17},"end":{"line":33,"column":18}},"loc":{"start":{"line":33,"column":25},"end":{"line":49,"column":3}}},"2":{"name":"(anonymous_17)","decl":{"start":{"line":35,"column":34},"end":{"line":35,"column":35}},"loc":{"start":{"line":35,"column":40},"end":{"line":38,"column":7}}},"3":{"name":"(anonymous_18)","decl":{"start":{"line":39,"column":36},"end":{"line":39,"column":37}},"loc":{"start":{"line":39,"column":122},"end":{"line":44,"column":7}}},"4":{"name":"(anonymous_19)","decl":{"start":{"line":45,"column":35},"end":{"line":45,"column":36}},"loc":{"start":{"line":45,"column":49},"end":{"line":48,"column":7}}}},"branchMap":{"0":{"loc":{"start":{"line":24,"column":21},"end":{"line":24,"column":null}},"type":"switch","locations":[{"start":{"line":24,"column":21},"end":{"line":24,"column":null}}]},"1":{"loc":{"start":{"line":47,"column":22},"end":{"line":47,"column":69}},"type":"binary-expr","locations":[{"start":{"line":47,"column":22},"end":{"line":47,"column":42}},{"start":{"line":47,"column":46},"end":{"line":47,"column":69}}]}},"s":{"0":1,"1":1,"2":1,"3":1,"4":0,"5":0,"6":0,"7":0,"8":1,"9":1,"10":0,"11":0,"12":0,"13":0,"14":0,"15":0,"16":0,"17":0,"18":1},"f":{"0":0,"1":1,"2":0,"3":0,"4":0},"b":{"0":[0],"1":[0,0]}}
,"C:\\Users\\lench\\stellar-burgers\\src\\services\\slices\\ingredientsSlice.ts": {"path":"C:\\Users\\lench\\stellar-burgers\\src\\services\\slices\\ingredientsSlice.ts","statementMap":{"0":{"start":{"line":2,"column":0},"end":{"line":2,"column":80}},"1":{"start":{"line":3,"column":0},"end":{"line":3,"column":59}},"2":{"start":{"line":12,"column":39},"end":{"line":16,"column":2}},"3":{"start":{"line":18,"column":13},"end":{"line":24,"column":2}},"4":{"start":{"line":20,"column":2},"end":{"line":23,"column":null}},"5":{"start":{"line":21,"column":17},"end":{"line":21,"column":null}},"6":{"start":{"line":21,"column":10},"end":{"line":21,"column":null}},"7":{"start":{"line":22,"column":4},"end":{"line":22,"column":16}},"8":{"start":{"line":26,"column":25},"end":{"line":45,"column":2}},"9":{"start":{"line":31,"column":4},"end":{"line":43,"column":9}},"10":{"start":{"line":33,"column":8},"end":{"line":33,"column":29}},"11":{"start":{"line":34,"column":8},"end":{"line":34,"column":27}},"12":{"start":{"line":37,"column":8},"end":{"line":37,"column":30}},"13":{"start":{"line":38,"column":8},"end":{"line":38,"column":37}},"14":{"start":{"line":41,"column":8},"end":{"line":41,"column":30}},"15":{"start":{"line":42,"column":8},"end":{"line":42,"column":77}},"16":{"start":{"line":47,"column":0},"end":{"line":47,"column":40}}},"fnMap":{"0":{"name":"(anonymous_13)","decl":{"start":{"line":20,"column":2},"end":{"line":20,"column":null}},"loc":{"start":{"line":20,"column":2},"end":{"line":23,"column":null}}},"1":{"name":"(anonymous_16)","decl":{"start":{"line":30,"column":17},"end":{"line":30,"column":18}},"loc":{"start":{"line":30,"column":25},"end":{"line":44,"column":3}}},"2":{"name":"(anonymous_17)","decl":{"start":{"line":32,"column":41},"end":{"line":32,"column":42}},"loc":{"start":{"line":32,"column":47},"end":{"line":35,"column":7}}},"3":{"name":"(anonymous_18)","decl":{"start":{"line":36,"column":43},"end":{"line":36,"column":44}},"loc":{"start":{"line":36,"column":87},"end":{"line":39,"column":7}}},"4":{"name":"(anonymous_19)","decl":{"start":{"line":40,"column":42},"end":{"line":40,"column":43}},"loc":{"start":{"line":40,"column":56},"end":{"line":43,"column":7}}}},"branchMap":{"0":{"loc":{"start":{"line":21,"column":17},"end":{"line":21,"column":null}},"type":"switch","locations":[{"start":{"line":21,"column":17},"end":{"line":21,"column":null}}]},"1":{"loc":{"start":{"line":42,"column":22},"end":{"line":42,"column":76}},"type":"binary-expr","locations":[{"start":{"line":42,"column":22},"end":{"line":42,"column":42}},{"start":{"line":42,"column":46},"end":{"line":42,"column":76}}]}},"s":{"0":2,"1":2,"2":2,"3":2,"4":0,"5":0,"6":0,"7":0,"8":2,"9":2,"10":1,"11":1,"12":1,"13":1,"14":1,"15":1,"16":2},"f":{"0":0,"1":2,"2":1,"3":1,"4":1},"b":{"0":[0],"1":[1,0]}}
,"C:\\Users\\lench\\stellar-burgers\\src\\services\\slices\\orderSlice.ts": {"path":"C:\\Users\\lench\\stellar-burgers\\src\\services\\slices\\orderSlice.ts","statementMap":{"0":{"start":{"line":1,"column":0},"end":{"line":1,"column":65}},"1":{"start":{"line":2,"column":0},"end":{"line":2,"column":56}},"2":{"start":{"line":10,"column":33},"end":{"line":14,"column":2}},"3":{"start":{"line":16,"column":13},"end":{"line":30,"column":2}},"4":{"start":{"line":18,"column":2},"end":{"line":29,"column":null}},"5":{"start":{"line":18,"column":52},"end":{"line":18,"column":54}},"6":{"start":{"line":20,"column":23},"end":{"line":20,"column":null}},"7":{"start":{"line":20,"column":12},"end":{"line":20,"column":null}},"8":{"start":{"line":21,"column":6},"end":{"line":23,"column":7}},"9":{"start":{"line":22,"column":8},"end":{"line":22,"column":59}},"10":{"start":{"line":24,"column":6},"end":{"line":24,"column":28}},"11":{"start":{"line":26,"column":6},"end":{"line":26,"column":58}},"12":{"start":{"line":27,"column":6},"end":{"line":27,"column":72}},"13":{"start":{"line":32,"column":19},"end":{"line":60,"column":2}},"14":{"start":{"line":37,"column":6},"end":{"line":37,"column":25}},"15":{"start":{"line":38,"column":6},"end":{"line":38,"column":25}},"16":{"start":{"line":41,"column":6},"end":{"line":41,"column":28}},"17":{"start":{"line":45,"column":4},"end":{"line":58,"column":9}},"18":{"start":{"line":47,"column":8},"end":{"line":47,"column":29}},"19":{"start":{"line":48,"column":8},"end":{"line":48,"column":27}},"20":{"start":{"line":51,"column":8},"end":{"line":51,"column":30}},"21":{"start":{"line":52,"column":8},"end":{"line":52,"column":37}},"22":{"start":{"line":55,"column":8},"end":{"line":55,"column":30}},"23":{"start":{"line":56,"column":8},"end":{"line":56,"column":75}},"24":{"start":{"line":57,"column":8},"end":{"line":57,"column":57}},"25":{"start":{"line":62,"column":15},"end":{"line":62,"column":44}},"26":{"start":{"line":63,"column":0},"end":{"line":63,"column":34}}},"fnMap":{"0":{"name":"(anonymous_13)","decl":{"start":{"line":18,"column":2},"end":{"line":18,"column":9}},"loc":{"start":{"line":18,"column":2},"end":{"line":29,"column":null}}},"1":{"name":"(anonymous_16)","decl":{"start":{"line":36,"column":16},"end":{"line":36,"column":17}},"loc":{"start":{"line":36,"column":22},"end":{"line":39,"column":5}}},"2":{"name":"(anonymous_17)","decl":{"start":{"line":40,"column":18},"end":{"line":40,"column":19}},"loc":{"start":{"line":40,"column":24},"end":{"line":42,"column":5}}},"3":{"name":"(anonymous_18)","decl":{"start":{"line":44,"column":17},"end":{"line":44,"column":18}},"loc":{"start":{"line":44,"column":25},"end":{"line":59,"column":3}}},"4":{"name":"(anonymous_19)","decl":{"start":{"line":46,"column":36},"end":{"line":46,"column":37}},"loc":{"start":{"line":46,"column":42},"end":{"line":49,"column":7}}},"5":{"name":"(anonymous_20)","decl":{"start":{"line":50,"column":38},"end":{"line":50,"column":39}},"loc":{"start":{"line":50,"column":52},"end":{"line":53,"column":7}}},"6":{"name":"(anonymous_21)","decl":{"start":{"line":54,"column":37},"end":{"line":54,"column":38}},"loc":{"start":{"line":54,"column":51},"end":{"line":58,"column":7}}}},"branchMap":{"0":{"loc":{"start":{"line":21,"column":6},"end":{"line":23,"column":7}},"type":"if","locations":[{"start":{"line":21,"column":6},"end":{"line":23,"column":7}}]},"1":{"loc":{"start":{"line":21,"column":10},"end":{"line":21,"column":38}},"type":"binary-expr","locations":[{"start":{"line":21,"column":10},"end":{"line":21,"column":19}},{"start":{"line":21,"column":23},"end":{"line":21,"column":38}}]},"2":{"loc":{"start":{"line":27,"column":29},"end":{"line":27,"column":70}},"type":"binary-expr","locations":[{"start":{"line":27,"column":29},"end":{"line":27,"column":42}},{"start":{"line":27,"column":46},"end":{"line":27,"column":70}}]},"3":{"loc":{"start":{"line":56,"column":22},"end":{"line":56,"column":74}},"type":"binary-expr","locations":[{"start":{"line":56,"column":22},"end":{"line":56,"column":46}},{"start":{"line":56,"column":50},"end":{"line":56,"column":74}}]}},"s":{"0":2,"1":2,"2":2,"3":2,"4":0,"5":0,"6":0,"7":0,"8":0,"9":0,"10":0,"11":0,"12":0,"13":2,"14":1,"15":1,"16":1,"17":2,"18":1,"19":1,"20":1,"21":1,"22":1,"23":1,"24":1,"25":2,"26":2},"f":{"0":0,"1":1,"2":1,"3":2,"4":1,"5":1,"6":1},"b":{"0":[0],"1":[0,0],"2":[0,0],"3":[1,0]}}
,"C:\\Users\\lench\\stellar-burgers\\src\\services\\slices\\profileOrdersSlice.ts": {"path":"C:\\Users\\lench\\stellar-burgers\\src\\services\\slices\\profileOrdersSlice.ts","statementMap":{"0":{"start":{"line":1,"column":0},"end":{"line":1,"column":65}},"1":{"start":{"line":2,"column":0},"end":{"line":2,"column":54}},"2":{"start":{"line":5,"column":13},"end":{"line":17,"column":2}},"3":{"start":{"line":7,"column":2},"end":{"line":16,"column":null}},"4":{"start":{"line":7,"column":29},"end":{"line":7,"column":31}},"5":{"start":{"line":9,"column":19},"end":{"line":9,"column":null}},"6":{"start":{"line":9,"column":12},"end":{"line":9,"column":null}},"7":{"start":{"line":10,"column":6},"end":{"line":10,"column":50}},"8":{"start":{"line":11,"column":6},"end":{"line":11,"column":18}},"9":{"start":{"line":13,"column":6},"end":{"line":13,"column":50}},"10":{"start":{"line":14,"column":6},"end":{"line":14,"column":44}},"11":{"start":{"line":25,"column":41},"end":{"line":29,"column":2}},"12":{"start":{"line":31,"column":27},"end":{"line":52,"column":2}},"13":{"start":{"line":36,"column":4},"end":{"line":50,"column":9}},"14":{"start":{"line":38,"column":8},"end":{"line":38,"column":29}},"15":{"start":{"line":39,"column":8},"end":{"line":39,"column":27}},"16":{"start":{"line":42,"column":8},"end":{"line":42,"column":30}},"17":{"start":{"line":43,"column":8},"end":{"line":43,"column":44}},"18":{"start":{"line":44,"column":8},"end":{"line":44,"column":78}},"19":{"start":{"line":47,"column":8},"end":{"line":47,"column":30}},"20":{"start":{"line":48,"column":8},"end":{"line":48,"column":76}},"21":{"start":{"line":49,"column":8},"end":{"line":49,"column":62}},"22":{"start":{"line":54,"column":0},"end":{"line":54,"column":42}}},"fnMap":{"0":{"name":"(anonymous_13)","decl":{"start":{"line":7,"column":2},"end":{"line":7,"column":9}},"loc":{"start":{"line":7,"column":2},"end":{"line":16,"column":null}}},"1":{"name":"(anonymous_16)","decl":{"start":{"line":35,"column":17},"end":{"line":35,"column":18}},"loc":{"start":{"line":35,"column":25},"end":{"line":51,"column":3}}},"2":{"name":"(anonymous_17)","decl":{"start":{"line":37,"column":43},"end":{"line":37,"column":44}},"loc":{"start":{"line":37,"column":49},"end":{"line":40,"column":7}}},"3":{"name":"(anonymous_18)","decl":{"start":{"line":41,"column":45},"end":{"line":41,"column":46}},"loc":{"start":{"line":41,"column":59},"end":{"line":45,"column":7}}},"4":{"name":"(anonymous_19)","decl":{"start":{"line":46,"column":44},"end":{"line":46,"column":45}},"loc":{"start":{"line":46,"column":58},"end":{"line":50,"column":7}}}},"branchMap":{"0":{"loc":{"start":{"line":43,"column":23},"end":{"line":43,"column":43}},"type":"binary-expr","locations":[{"start":{"line":43,"column":23},"end":{"line":43,"column":37}},{"start":{"line":43,"column":41},"end":{"line":43,"column":43}}]},"1":{"loc":{"start":{"line":48,"column":22},"end":{"line":48,"column":75}},"type":"binary-expr","locations":[{"start":{"line":48,"column":22},"end":{"line":48,"column":46}},{"start":{"line":48,"column":50},"end":{"line":48,"column":75}}]}},"s":{"0":1,"1":1,"2":1,"3":0,"4":0,"5":0,"6":0,"7":0,"8":0,"9":0,"10":0,"11":1,"12":1,"13":1,"14":0,"15":0,"16":0,"17":0,"18":0,"19":0,"20":0,"21":0,"22":1},"f":{"0":0,"1":1,"2":0,"3":0,"4":0},"b":{"0":[0,0],"1":[0,0]}}
,"C:\\Users\\lench\\stellar-burgers\\src\\services\\slices\\userSlice.ts": {"path":"C:\\Users\\lench\\stellar-burgers\\src\\services\\slices\\userSlice.ts","statementMap":{"0":{"start":{"line":1,"column":0},"end":{"line":1,"column":80}},"1":{"start":{"line":2,"column":0},"end":{"line":2,"column":null}},"2":{"start":{"line":10,"column":0},"end":{"line":10,"column":61}},"3":{"start":{"line":19,"column":32},"end":{"line":24,"column":2}},"4":{"start":{"line":26,"column":13},"end":{"line":36,"column":2}},"5":{"start":{"line":28,"column":2},"end":{"line":35,"column":null}},"6":{"start":{"line":28,"column":16},"end":{"line":28,"column":18}},"7":{"start":{"line":28,"column":26},"end":{"line":28,"column":65}},"8":{"start":{"line":29,"column":21},"end":{"line":29,"column":null}},"9":{"start":{"line":29,"column":10},"end":{"line":29,"column":null}},"10":{"start":{"line":30,"column":4},"end":{"line":33,"column":5}},"11":{"start":{"line":31,"column":6},"end":{"line":31,"column":53}},"12":{"start":{"line":32,"column":6},"end":{"line":32,"column":66}},"13":{"start":{"line":34,"column":4},"end":{"line":34,"column":25}},"14":{"start":{"line":38,"column":13},"end":{"line":48,"column":2}},"15":{"start":{"line":40,"column":2},"end":{"line":47,"column":null}},"16":{"start":{"line":40,"column":16},"end":{"line":40,"column":18}},"17":{"start":{"line":40,"column":26},"end":{"line":40,"column":28}},"18":{"start":{"line":40,"column":32},"end":{"line":40,"column":85}},"19":{"start":{"line":41,"column":21},"end":{"line":41,"column":null}},"20":{"start":{"line":41,"column":10},"end":{"line":41,"column":null}},"21":{"start":{"line":42,"column":4},"end":{"line":45,"column":5}},"22":{"start":{"line":43,"column":6},"end":{"line":43,"column":53}},"23":{"start":{"line":44,"column":6},"end":{"line":44,"column":66}},"24":{"start":{"line":46,"column":4},"end":{"line":46,"column":25}},"25":{"start":{"line":50,"column":13},"end":{"line":56,"column":2}},"26":{"start":{"line":52,"column":2},"end":{"line":55,"column":null}},"27":{"start":{"line":53,"column":21},"end":{"line":53,"column":null}},"28":{"start":{"line":53,"column":10},"end":{"line":53,"column":null}},"29":{"start":{"line":54,"column":4},"end":{"line":54,"column":25}},"30":{"start":{"line":58,"column":13},"end":{"line":64,"column":2}},"31":{"start":{"line":60,"column":2},"end":{"line":63,"column":null}},"32":{"start":{"line":60,"column":15},"end":{"line":60,"column":17}},"33":{"start":{"line":60,"column":22},"end":{"line":60,"column":24}},"34":{"start":{"line":60,"column":32},"end":{"line":60,"column":88}},"35":{"start":{"line":61,"column":21},"end":{"line":61,"column":null}},"36":{"start":{"line":61,"column":10},"end":{"line":61,"column":null}},"37":{"start":{"line":62,"column":4},"end":{"line":62,"column":25}},"38":{"start":{"line":66,"column":13},"end":{"line":78,"column":2}},"39":{"start":{"line":68,"column":2},"end":{"line":77,"column":null}},"40":{"start":{"line":70,"column":6},"end":{"line":70,"column":24}},"41":{"start":{"line":74,"column":4},"end":{"line":74,"column":32}},"42":{"start":{"line":75,"column":4},"end":{"line":75,"column":44}},"43":{"start":{"line":76,"column":4},"end":{"line":76,"column":16}},"44":{"start":{"line":80,"column":18},"end":{"line":120,"column":2}},"45":{"start":{"line":85,"column":6},"end":{"line":85,"column":25}},"46":{"start":{"line":89,"column":4},"end":{"line":118,"column":9}},"47":{"start":{"line":91,"column":8},"end":{"line":91,"column":29}},"48":{"start":{"line":92,"column":8},"end":{"line":92,"column":27}},"49":{"start":{"line":95,"column":8},"end":{"line":95,"column":30}},"50":{"start":{"line":96,"column":8},"end":{"line":96,"column":36}},"51":{"start":{"line":97,"column":8},"end":{"line":97,"column":37}},"52":{"start":{"line":100,"column":8},"end":{"line":100,"column":30}},"53":{"start":{"line":101,"column":8},"end":{"line":101,"column":61}},"54":{"start":{"line":104,"column":8},"end":{"line":104,"column":30}},"55":{"start":{"line":105,"column":8},"end":{"line":105,"column":36}},"56":{"start":{"line":106,"column":8},"end":{"line":106,"column":37}},"57":{"start":{"line":109,"column":8},"end":{"line":109,"column":36}},"58":{"start":{"line":110,"column":8},"end":{"line":110,"column":37}},"59":{"start":{"line":113,"column":8},"end":{"line":113,"column":36}},"60":{"start":{"line":116,"column":8},"end":{"line":116,"column":26}},"61":{"start":{"line":117,"column":8},"end":{"line":117,"column":38}},"62":{"start":{"line":122,"column":15},"end":{"line":122,"column":52}},"63":{"start":{"line":123,"column":0},"end":{"line":123,"column":33}}},"fnMap":{"0":{"name":"(anonymous_13)","decl":{"start":{"line":28,"column":2},"end":{"line":28,"column":9}},"loc":{"start":{"line":28,"column":2},"end":{"line":35,"column":null}}},"1":{"name":"(anonymous_16)","decl":{"start":{"line":40,"column":2},"end":{"line":40,"column":9}},"loc":{"start":{"line":40,"column":2},"end":{"line":47,"column":null}}},"2":{"name":"(anonymous_19)","decl":{"start":{"line":52,"column":2},"end":{"line":52,"column":null}},"loc":{"start":{"line":52,"column":2},"end":{"line":55,"column":null}}},"3":{"name":"(anonymous_22)","decl":{"start":{"line":60,"column":2},"end":{"line":60,"column":9}},"loc":{"start":{"line":60,"column":2},"end":{"line":63,"column":null}}},"4":{"name":"(anonymous_25)","decl":{"start":{"line":68,"column":2},"end":{"line":68,"column":null}},"loc":{"start":{"line":68,"column":2},"end":{"line":77,"column":null}}},"5":{"name":"(anonymous_28)","decl":{"start":{"line":84,"column":20},"end":{"line":84,"column":21}},"loc":{"start":{"line":84,"column":26},"end":{"line":86,"column":5}}},"6":{"name":"(anonymous_29)","decl":{"start":{"line":88,"column":17},"end":{"line":88,"column":18}},"loc":{"start":{"line":88,"column":25},"end":{"line":119,"column":3}}},"7":{"name":"(anonymous_30)","decl":{"start":{"line":90,"column":30},"end":{"line":90,"column":31}},"loc":{"start":{"line":90,"column":36},"end":{"line":93,"column":7}}},"8":{"name":"(anonymous_31)","decl":{"start":{"line":94,"column":32},"end":{"line":94,"column":33}},"loc":{"start":{"line":94,"column":68},"end":{"line":98,"column":7}}},"9":{"name":"(anonymous_32)","decl":{"start":{"line":99,"column":31},"end":{"line":99,"column":32}},"loc":{"start":{"line":99,"column":45},"end":{"line":102,"column":7}}},"10":{"name":"(anonymous_33)","decl":{"start":{"line":103,"column":35},"end":{"line":103,"column":36}},"loc":{"start":{"line":103,"column":71},"end":{"line":107,"column":7}}},"11":{"name":"(anonymous_34)","decl":{"start":{"line":108,"column":36},"end":{"line":108,"column":37}},"loc":{"start":{"line":108,"column":72},"end":{"line":111,"column":7}}},"12":{"name":"(anonymous_35)","decl":{"start":{"line":112,"column":41},"end":{"line":112,"column":42}},"loc":{"start":{"line":112,"column":77},"end":{"line":114,"column":7}}},"13":{"name":"(anonymous_36)","decl":{"start":{"line":115,"column":33},"end":{"line":115,"column":34}},"loc":{"start":{"line":115,"column":39},"end":{"line":118,"column":7}}}},"branchMap":{"0":{"loc":{"start":{"line":29,"column":21},"end":{"line":29,"column":null}},"type":"switch","locations":[{"start":{"line":29,"column":21},"end":{"line":29,"column":null}}]},"1":{"loc":{"start":{"line":30,"column":4},"end":{"line":33,"column":5}},"type":"if","locations":[{"start":{"line":30,"column":4},"end":{"line":33,"column":5}}]},"2":{"loc":{"start":{"line":41,"column":21},"end":{"line":41,"column":null}},"type":"switch","locations":[{"start":{"line":41,"column":21},"end":{"line":41,"column":null}}]},"3":{"loc":{"start":{"line":42,"column":4},"end":{"line":45,"column":5}},"type":"if","locations":[{"start":{"line":42,"column":4},"end":{"line":45,"column":5}}]},"4":{"loc":{"start":{"line":53,"column":21},"end":{"line":53,"column":null}},"type":"switch","locations":[{"start":{"line":53,"column":21},"end":{"line":53,"column":null}}]},"5":{"loc":{"start":{"line":61,"column":21},"end":{"line":61,"column":null}},"type":"switch","locations":[{"start":{"line":61,"column":21},"end":{"line":61,"column":null}}]},"6":{"loc":{"start":{"line":101,"column":22},"end":{"line":101,"column":60}},"type":"binary-expr","locations":[{"start":{"line":101,"column":22},"end":{"line":101,"column":42}},{"start":{"line":101,"column":46},"end":{"line":101,"column":60}}]}},"s":{"0":1,"1":1,"2":1,"3":1,"4":1,"5":0,"6":0,"7":0,"8":0,"9":0,"10":0,"11":0,"12":0,"13":0,"14":1,"15":0,"16":0,"17":0,"18":0,"19":0,"20":0,"21":0,"22":0,"23":0,"24":0,"25":1,"26":0,"27":0,"28":0,"29":0,"30":1,"31":0,"32":0,"33":0,"34":0,"35":0,"36":0,"37":0,"38":1,"39":0,"40":0,"41":0,"42":0,"43":0,"44":1,"45":0,"46":1,"47":0,"48":0,"49":0,"50":0,"51":0,"52":0,"53":0,"54":0,"55":0,"56":0,"57":0,"58":0,"59":0,"60":0,"61":0,"62":1,"63":1},"f":{"0":0,"1":0,"2":0,"3":0,"4":0,"5":0,"6":1,"7":0,"8":0,"9":0,"10":0,"11":0,"12":0,"13":0},"b":{"0":[0],"1":[0],"2":[0],"3":[0],"4":[0],"5":[0],"6":[0,0]}}
,"C:\\Users\\lench\\stellar-burgers\\src\\stories\\BurgerConstructor.stories.ts": {"path":"C:\\Users\\lench\\stellar-burgers\\src\\stories\\BurgerConstructor.stories.ts","statementMap":{"0":{"start":{"line":1,"column":0},"end":{"line":1,"column":42}},"1":{"start":{"line":4,"column":13},"end":{"line":13,"column":45}},"2":{"start":{"line":15,"column":0},"end":{"line":15,"column":20}},"3":{"start":{"line":18,"column":13},"end":{"line":27,"column":2}}},"fnMap":{"0":{"name":"(anonymous_0)","decl":{"start":{"line":24,"column":18},"end":{"line":24,"column":25}},"loc":{"start":{"line":24,"column":18},"end":{"line":24,"column":26}}},"1":{"name":"(anonymous_1)","decl":{"start":{"line":25,"column":21},"end":{"line":25,"column":28}},"loc":{"start":{"line":25,"column":21},"end":{"line":25,"column":29}}}},"branchMap":{},"s":{"0":0,"1":0,"2":0,"3":0},"f":{"0":0,"1":0},"b":{}}
,"C:\\Users\\lench\\stellar-burgers\\src\\stories\\BurgerConstructorElement.stories.ts": {"path":"C:\\Users\\lench\\stellar-burgers\\src\\stories\\BurgerConstructorElement.stories.ts","statementMap":{"0":{"start":{"line":1,"column":0},"end":{"line":1,"column":49}},"1":{"start":{"line":5,"column":13},"end":{"line":14,"column":52}},"2":{"start":{"line":16,"column":0},"end":{"line":16,"column":20}},"3":{"start":{"line":19,"column":13},"end":{"line":41,"column":2}}},"fnMap":{"0":{"name":"(anonymous_0)","decl":{"start":{"line":37,"column":18},"end":{"line":37,"column":25}},"loc":{"start":{"line":37,"column":18},"end":{"line":37,"column":26}}},"1":{"name":"(anonymous_1)","decl":{"start":{"line":38,"column":20},"end":{"line":38,"column":27}},"loc":{"start":{"line":38,"column":20},"end":{"line":38,"column":28}}},"2":{"name":"(anonymous_2)","decl":{"start":{"line":39,"column":17},"end":{"line":39,"column":24}},"loc":{"start":{"line":39,"column":17},"end":{"line":39,"column":25}}}},"branchMap":{},"s":{"0":0,"1":0,"2":0,"3":0},"f":{"0":0,"1":0,"2":0},"b":{}}
,"C:\\Users\\lench\\stellar-burgers\\src\\stories\\FeedInfo.stories.ts": {"path":"C:\\Users\\lench\\stellar-burgers\\src\\stories\\FeedInfo.stories.ts","statementMap":{"0":{"start":{"line":1,"column":0},"end":{"line":1,"column":33}},"1":{"start":{"line":4,"column":13},"end":{"line":13,"column":36}},"2":{"start":{"line":15,"column":0},"end":{"line":15,"column":20}},"3":{"start":{"line":18,"column":13},"end":{"line":40,"column":2}}},"fnMap":{},"branchMap":{},"s":{"0":0,"1":0,"2":0,"3":0},"f":{},"b":{}}
,"C:\\Users\\lench\\stellar-burgers\\src\\stories\\Header.stories.ts": {"path":"C:\\Users\\lench\\stellar-burgers\\src\\stories\\Header.stories.ts","statementMap":{"0":{"start":{"line":3,"column":0},"end":{"line":3,"column":34}},"1":{"start":{"line":5,"column":13},"end":{"line":14,"column":37}},"2":{"start":{"line":16,"column":0},"end":{"line":16,"column":20}},"3":{"start":{"line":19,"column":13},"end":{"line":23,"column":2}},"4":{"start":{"line":25,"column":13},"end":{"line":29,"column":2}}},"fnMap":{},"branchMap":{},"s":{"0":0,"1":0,"2":0,"3":0,"4":0},"f":{},"b":{}}
,"C:\\Users\\lench\\stellar-burgers\\src\\stories\\IngredientDetails.stories.ts": {"path":"C:\\Users\\lench\\stellar-burgers\\src\\stories\\IngredientDetails.stories.ts","statementMap":{"0":{"start":{"line":1,"column":0},"end":{"line":1,"column":42}},"1":{"start":{"line":4,"column":13},"end":{"line":13,"column":45}},"2":{"start":{"line":15,"column":0},"end":{"line":15,"column":20}},"3":{"start":{"line":18,"column":13},"end":{"line":34,"column":2}}},"fnMap":{},"branchMap":{},"s":{"0":0,"1":0,"2":0,"3":0},"f":{},"b":{}}
,"C:\\Users\\lench\\stellar-burgers\\src\\stories\\OrderCard.stories.ts": {"path":"C:\\Users\\lench\\stellar-burgers\\src\\stories\\OrderCard.stories.ts","statementMap":{"0":{"start":{"line":1,"column":0},"end":{"line":1,"column":34}},"1":{"start":{"line":4,"column":13},"end":{"line":13,"column":37}},"2":{"start":{"line":15,"column":0},"end":{"line":15,"column":20}},"3":{"start":{"line":18,"column":13},"end":{"line":86,"column":2}}},"fnMap":{},"branchMap":{},"s":{"0":0,"1":0,"2":0,"3":0},"f":{},"b":{}}
,"C:\\Users\\lench\\stellar-burgers\\src\\stories\\OrderInfo.stories.ts": {"path":"C:\\Users\\lench\\stellar-burgers\\src\\stories\\OrderInfo.stories.ts","statementMap":{"0":{"start":{"line":1,"column":0},"end":{"line":1,"column":34}},"1":{"start":{"line":4,"column":13},"end":{"line":13,"column":37}},"2":{"start":{"line":15,"column":0},"end":{"line":15,"column":20}},"3":{"start":{"line":18,"column":13},"end":{"line":48,"column":2}}},"fnMap":{},"branchMap":{},"s":{"0":0,"1":0,"2":0,"3":0},"f":{},"b":{}}
,"C:\\Users\\lench\\stellar-burgers\\src\\stories\\Preloader.stories.ts": {"path":"C:\\Users\\lench\\stellar-burgers\\src\\stories\\Preloader.stories.ts","statementMap":{"0":{"start":{"line":1,"column":0},"end":{"line":1,"column":32}},"1":{"start":{"line":4,"column":13},"end":{"line":13,"column":35}},"2":{"start":{"line":15,"column":0},"end":{"line":15,"column":20}},"3":{"start":{"line":18,"column":13},"end":{"line":20,"column":2}}},"fnMap":{},"branchMap":{},"s":{"0":0,"1":0,"2":0,"3":0},"f":{},"b":{}}
,"C:\\Users\\lench\\stellar-burgers\\src\\stories\\ProfileMenu.stories.ts": {"path":"C:\\Users\\lench\\stellar-burgers\\src\\stories\\ProfileMenu.stories.ts","statementMap":{"0":{"start":{"line":1,"column":0},"end":{"line":1,"column":36}},"1":{"start":{"line":4,"column":13},"end":{"line":13,"column":39}},"2":{"start":{"line":15,"column":0},"end":{"line":15,"column":20}},"3":{"start":{"line":18,"column":13},"end":{"line":23,"column":2}}},"fnMap":{"0":{"name":"(anonymous_0)","decl":{"start":{"line":21,"column":18},"end":{"line":21,"column":25}},"loc":{"start":{"line":21,"column":18},"end":{"line":21,"column":26}}}},"branchMap":{},"s":{"0":0,"1":0,"2":0,"3":0},"f":{"0":0},"b":{}}
,"C:\\Users\\lench\\stellar-burgers\\src\\utils\\burger-api.ts": {"path":"C:\\Users\\lench\\stellar-burgers\\src\\utils\\burger-api.ts","statementMap":{"0":{"start":{"line":1,"column":0},"end":{"line":1,"column":48}},"1":{"start":{"line":4,"column":12},"end":{"line":4,"column":38}},"2":{"start":{"line":6,"column":22},"end":{"line":7,"column":5}},"3":{"start":{"line":7,"column":2},"end":{"line":7,"column":70}},"4":{"start":{"line":7,"column":49},"end":{"line":7,"column":69}},"5":{"start":{"line":18,"column":28},"end":{"line":19,"column":7}},"6":{"start":{"line":19,"column":2},"end":{"line":36,"column":7}},"7":{"start":{"line":28,"column":19},"end":{"line":28,"column":56}},"8":{"start":{"line":30,"column":6},"end":{"line":32,"column":7}},"9":{"start":{"line":31,"column":8},"end":{"line":31,"column":43}},"10":{"start":{"line":33,"column":6},"end":{"line":33,"column":69}},"11":{"start":{"line":34,"column":6},"end":{"line":34,"column":56}},"12":{"start":{"line":35,"column":6},"end":{"line":35,"column":25}},"13":{"start":{"line":18,"column":13},"end":{"line":18,"column":28}},"14":{"start":{"line":38,"column":32},"end":{"line":58,"column":2}},"15":{"start":{"line":40,"column":22},"end":{"line":58,"column":2}},"16":{"start":{"line":43,"column":16},"end":{"line":43,"column":null}},"17":{"start":{"line":43,"column":10},"end":{"line":43,"column":null}},"18":{"start":{"line":44,"column":11},"end":{"line":44,"column":39}},"19":{"start":{"line":44,"column":4},"end":{"line":44,"column":39}},"20":{"start":{"line":46,"column":8},"end":{"line":46,"column":9}},"21":{"start":{"line":47,"column":26},"end":{"line":47,"column":null}},"22":{"start":{"line":47,"column":12},"end":{"line":47,"column":null}},"23":{"start":{"line":48,"column":6},"end":{"line":51,"column":7}},"24":{"start":{"line":49,"column":9},"end":{"line":50,"column":34}},"25":{"start":{"line":52,"column":18},"end":{"line":52,"column":null}},"26":{"start":{"line":52,"column":12},"end":{"line":52,"column":null}},"27":{"start":{"line":53,"column":13},"end":{"line":53,"column":41}},"28":{"start":{"line":53,"column":6},"end":{"line":53,"column":41}},"29":{"start":{"line":55,"column":6},"end":{"line":55,"column":33}},"30":{"start":{"line":38,"column":13},"end":{"line":38,"column":32}},"31":{"start":{"line":74,"column":33},"end":{"line":75,"column":7}},"32":{"start":{"line":75,"column":2},"end":{"line":80,"column":7}},"33":{"start":{"line":76,"column":19},"end":{"line":76,"column":60}},"34":{"start":{"line":78,"column":6},"end":{"line":78,"column":42}},"35":{"start":{"line":78,"column":25},"end":{"line":78,"column":42}},"36":{"start":{"line":79,"column":6},"end":{"line":79,"column":34}},"37":{"start":{"line":74,"column":13},"end":{"line":74,"column":33}},"38":{"start":{"line":82,"column":27},"end":{"line":83,"column":7}},"39":{"start":{"line":83,"column":2},"end":{"line":88,"column":7}},"40":{"start":{"line":84,"column":19},"end":{"line":84,"column":54}},"41":{"start":{"line":86,"column":6},"end":{"line":86,"column":37}},"42":{"start":{"line":86,"column":25},"end":{"line":86,"column":37}},"43":{"start":{"line":87,"column":6},"end":{"line":87,"column":34}},"44":{"start":{"line":82,"column":13},"end":{"line":82,"column":27}},"45":{"start":{"line":90,"column":28},"end":{"line":91,"column":18}},"46":{"start":{"line":91,"column":2},"end":{"line":100,"column":5}},"47":{"start":{"line":98,"column":4},"end":{"line":98,"column":42}},"48":{"start":{"line":98,"column":23},"end":{"line":98,"column":42}},"49":{"start":{"line":99,"column":4},"end":{"line":99,"column":32}},"50":{"start":{"line":90,"column":13},"end":{"line":90,"column":28}},"51":{"start":{"line":125,"column":30},"end":{"line":126,"column":18}},"52":{"start":{"line":126,"column":2},"end":{"line":138,"column":5}},"53":{"start":{"line":136,"column":4},"end":{"line":136,"column":35}},"54":{"start":{"line":136,"column":23},"end":{"line":136,"column":35}},"55":{"start":{"line":137,"column":4},"end":{"line":137,"column":32}},"56":{"start":{"line":125,"column":13},"end":{"line":125,"column":30}},"57":{"start":{"line":144,"column":35},"end":{"line":145,"column":7}},"58":{"start":{"line":145,"column":2},"end":{"line":150,"column":55}},"59":{"start":{"line":150,"column":19},"end":{"line":150,"column":54}},"60":{"start":{"line":144,"column":13},"end":{"line":144,"column":35}},"61":{"start":{"line":164,"column":31},"end":{"line":165,"column":7}},"62":{"start":{"line":165,"column":2},"end":{"line":176,"column":7}},"63":{"start":{"line":172,"column":19},"end":{"line":172,"column":53}},"64":{"start":{"line":174,"column":6},"end":{"line":174,"column":37}},"65":{"start":{"line":174,"column":25},"end":{"line":174,"column":37}},"66":{"start":{"line":175,"column":6},"end":{"line":175,"column":34}},"67":{"start":{"line":164,"column":13},"end":{"line":164,"column":31}},"68":{"start":{"line":183,"column":28},"end":{"line":184,"column":7}},"69":{"start":{"line":184,"column":2},"end":{"line":195,"column":7}},"70":{"start":{"line":191,"column":19},"end":{"line":191,"column":53}},"71":{"start":{"line":193,"column":6},"end":{"line":193,"column":37}},"72":{"start":{"line":193,"column":25},"end":{"line":193,"column":37}},"73":{"start":{"line":194,"column":6},"end":{"line":194,"column":34}},"74":{"start":{"line":183,"column":13},"end":{"line":183,"column":28}},"75":{"start":{"line":197,"column":33},"end":{"line":198,"column":7}},"76":{"start":{"line":198,"column":2},"end":{"line":209,"column":7}},"77":{"start":{"line":205,"column":19},"end":{"line":205,"column":59}},"78":{"start":{"line":207,"column":6},"end":{"line":207,"column":37}},"79":{"start":{"line":207,"column":25},"end":{"line":207,"column":37}},"80":{"start":{"line":208,"column":6},"end":{"line":208,"column":34}},"81":{"start":{"line":197,"column":13},"end":{"line":197,"column":33}},"82":{"start":{"line":211,"column":32},"end":{"line":212,"column":7}},"83":{"start":{"line":212,"column":2},"end":{"line":223,"column":7}},"84":{"start":{"line":219,"column":19},"end":{"line":219,"column":59}},"85":{"start":{"line":221,"column":6},"end":{"line":221,"column":37}},"86":{"start":{"line":221,"column":25},"end":{"line":221,"column":37}},"87":{"start":{"line":222,"column":6},"end":{"line":222,"column":34}},"88":{"start":{"line":211,"column":13},"end":{"line":211,"column":32}},"89":{"start":{"line":227,"column":26},"end":{"line":228,"column":18}},"90":{"start":{"line":228,"column":2},"end":{"line":232,"column":5}},"91":{"start":{"line":227,"column":13},"end":{"line":227,"column":26}},"92":{"start":{"line":234,"column":29},"end":{"line":235,"column":18}},"93":{"start":{"line":235,"column":2},"end":{"line":242,"column":5}},"94":{"start":{"line":234,"column":13},"end":{"line":234,"column":29}},"95":{"start":{"line":244,"column":25},"end":{"line":245,"column":7}},"96":{"start":{"line":245,"column":2},"end":{"line":253,"column":60}},"97":{"start":{"line":253,"column":19},"end":{"line":253,"column":59}},"98":{"start":{"line":244,"column":13},"end":{"line":244,"column":25}}},"fnMap":{"0":{"name":"(anonymous_13)","decl":{"start":{"line":6,"column":22},"end":{"line":6,"column":26}},"loc":{"start":{"line":6,"column":39},"end":{"line":7,"column":5}}},"1":{"name":"(anonymous_14)","decl":{"start":{"line":7,"column":40},"end":{"line":7,"column":41}},"loc":{"start":{"line":7,"column":44},"end":{"line":7,"column":56}}},"2":{"name":"(anonymous_15)","decl":{"start":{"line":18,"column":28},"end":{"line":18,"column":null}},"loc":{"start":{"line":18,"column":28},"end":{"line":19,"column":7}}},"3":{"name":"(anonymous_16)","decl":{"start":{"line":28,"column":10},"end":{"line":28,"column":11}},"loc":{"start":{"line":28,"column":14},"end":{"line":28,"column":32}}},"4":{"name":"(anonymous_17)","decl":{"start":{"line":29,"column":10},"end":{"line":29,"column":11}},"loc":{"start":{"line":29,"column":22},"end":{"line":36,"column":5}}},"5":{"name":"(anonymous_18)","decl":{"start":{"line":38,"column":32},"end":{"line":38,"column":null}},"loc":{"start":{"line":40,"column":22},"end":{"line":58,"column":2}}},"6":{"name":"(anonymous_19)","decl":{"start":{"line":40,"column":22},"end":{"line":40,"column":null}},"loc":{"start":{"line":40,"column":22},"end":{"line":58,"column":2}}},"7":{"name":"(anonymous_21)","decl":{"start":{"line":74,"column":33},"end":{"line":74,"column":null}},"loc":{"start":{"line":74,"column":33},"end":{"line":75,"column":7}}},"8":{"name":"(anonymous_22)","decl":{"start":{"line":76,"column":10},"end":{"line":76,"column":11}},"loc":{"start":{"line":76,"column":14},"end":{"line":76,"column":32}}},"9":{"name":"(anonymous_23)","decl":{"start":{"line":77,"column":10},"end":{"line":77,"column":11}},"loc":{"start":{"line":77,"column":15},"end":{"line":80,"column":5}}},"10":{"name":"(anonymous_24)","decl":{"start":{"line":82,"column":27},"end":{"line":82,"column":null}},"loc":{"start":{"line":82,"column":27},"end":{"line":83,"column":7}}},"11":{"name":"(anonymous_25)","decl":{"start":{"line":84,"column":10},"end":{"line":84,"column":11}},"loc":{"start":{"line":84,"column":14},"end":{"line":84,"column":32}}},"12":{"name":"(anonymous_26)","decl":{"start":{"line":85,"column":10},"end":{"line":85,"column":11}},"loc":{"start":{"line":85,"column":15},"end":{"line":88,"column":5}}},"13":{"name":"(anonymous_27)","decl":{"start":{"line":90,"column":28},"end":{"line":90,"column":null}},"loc":{"start":{"line":90,"column":28},"end":{"line":91,"column":18}}},"14":{"name":"(anonymous_28)","decl":{"start":{"line":97,"column":10},"end":{"line":97,"column":11}},"loc":{"start":{"line":97,"column":15},"end":{"line":100,"column":3}}},"15":{"name":"(anonymous_29)","decl":{"start":{"line":125,"column":30},"end":{"line":125,"column":31}},"loc":{"start":{"line":125,"column":45},"end":{"line":126,"column":18}}},"16":{"name":"(anonymous_30)","decl":{"start":{"line":135,"column":10},"end":{"line":135,"column":11}},"loc":{"start":{"line":135,"column":15},"end":{"line":138,"column":3}}},"17":{"name":"(anonymous_31)","decl":{"start":{"line":144,"column":35},"end":{"line":144,"column":36}},"loc":{"start":{"line":144,"column":50},"end":{"line":145,"column":7}}},"18":{"name":"(anonymous_32)","decl":{"start":{"line":150,"column":10},"end":{"line":150,"column":11}},"loc":{"start":{"line":150,"column":14},"end":{"line":150,"column":32}}},"19":{"name":"(anonymous_33)","decl":{"start":{"line":164,"column":31},"end":{"line":164,"column":32}},"loc":{"start":{"line":164,"column":51},"end":{"line":165,"column":7}}},"20":{"name":"(anonymous_34)","decl":{"start":{"line":172,"column":10},"end":{"line":172,"column":11}},"loc":{"start":{"line":172,"column":14},"end":{"line":172,"column":32}}},"21":{"name":"(anonymous_35)","decl":{"start":{"line":173,"column":10},"end":{"line":173,"column":11}},"loc":{"start":{"line":173,"column":15},"end":{"line":176,"column":5}}},"22":{"name":"(anonymous_36)","decl":{"start":{"line":183,"column":28},"end":{"line":183,"column":29}},"loc":{"start":{"line":183,"column":45},"end":{"line":184,"column":7}}},"23":{"name":"(anonymous_37)","decl":{"start":{"line":191,"column":10},"end":{"line":191,"column":11}},"loc":{"start":{"line":191,"column":14},"end":{"line":191,"column":32}}},"24":{"name":"(anonymous_38)","decl":{"start":{"line":192,"column":10},"end":{"line":192,"column":11}},"loc":{"start":{"line":192,"column":15},"end":{"line":195,"column":5}}},"25":{"name":"(anonymous_39)","decl":{"start":{"line":197,"column":33},"end":{"line":197,"column":34}},"loc":{"start":{"line":197,"column":57},"end":{"line":198,"column":7}}},"26":{"name":"(anonymous_40)","decl":{"start":{"line":205,"column":10},"end":{"line":205,"column":11}},"loc":{"start":{"line":205,"column":14},"end":{"line":205,"column":32}}},"27":{"name":"(anonymous_41)","decl":{"start":{"line":206,"column":10},"end":{"line":206,"column":11}},"loc":{"start":{"line":206,"column":15},"end":{"line":209,"column":5}}},"28":{"name":"(anonymous_42)","decl":{"start":{"line":211,"column":32},"end":{"line":211,"column":33}},"loc":{"start":{"line":211,"column":74},"end":{"line":212,"column":7}}},"29":{"name":"(anonymous_43)","decl":{"start":{"line":219,"column":10},"end":{"line":219,"column":11}},"loc":{"start":{"line":219,"column":14},"end":{"line":219,"column":32}}},"30":{"name":"(anonymous_44)","decl":{"start":{"line":220,"column":10},"end":{"line":220,"column":11}},"loc":{"start":{"line":220,"column":15},"end":{"line":223,"column":5}}},"31":{"name":"(anonymous_45)","decl":{"start":{"line":227,"column":26},"end":{"line":227,"column":null}},"loc":{"start":{"line":227,"column":26},"end":{"line":228,"column":18}}},"32":{"name":"(anonymous_46)","decl":{"start":{"line":234,"column":29},"end":{"line":234,"column":30}},"loc":{"start":{"line":234,"column":58},"end":{"line":235,"column":18}}},"33":{"name":"(anonymous_47)","decl":{"start":{"line":244,"column":25},"end":{"line":244,"column":null}},"loc":{"start":{"line":244,"column":25},"end":{"line":245,"column":7}}},"34":{"name":"(anonymous_48)","decl":{"start":{"line":253,"column":10},"end":{"line":253,"column":11}},"loc":{"start":{"line":253,"column":14},"end":{"line":253,"column":32}}}},"branchMap":{"0":{"loc":{"start":{"line":7,"column":2},"end":{"line":7,"column":69}},"type":"cond-expr","locations":[{"start":{"line":7,"column":11},"end":{"line":7,"column":21}},{"start":{"line":7,"column":24},"end":{"line":7,"column":69}}]},"1":{"loc":{"start":{"line":30,"column":6},"end":{"line":32,"column":7}},"type":"if","locations":[{"start":{"line":30,"column":6},"end":{"line":32,"column":7}}]},"2":{"loc":{"start":{"line":44,"column":4},"end":{"line":44,"column":39}},"type":"switch","locations":[{"start":{"line":44,"column":4},"end":{"line":44,"column":39}},{"start":{"line":53,"column":6},"end":{"line":53,"column":41}},{"start":{"line":55,"column":6},"end":{"line":55,"column":33}}]},"3":{"loc":{"start":{"line":46,"column":8},"end":{"line":46,"column":9}},"type":"if","locations":[{"start":{"line":46,"column":8},"end":{"line":46,"column":9}}]},"4":{"loc":{"start":{"line":48,"column":6},"end":{"line":51,"column":7}},"type":"if","locations":[{"start":{"line":48,"column":6},"end":{"line":51,"column":7}}]},"5":{"loc":{"start":{"line":78,"column":6},"end":{"line":78,"column":42}},"type":"if","locations":[{"start":{"line":78,"column":6},"end":{"line":78,"column":42}}]},"6":{"loc":{"start":{"line":78,"column":10},"end":{"line":78,"column":23}},"type":"cond-expr","locations":[{"start":{"line":78,"column":14},"end":{"line":78,"column":16}},{"start":{"line":78,"column":10},"end":{"line":78,"column":23}}]},"7":{"loc":{"start":{"line":78,"column":10},"end":{"line":78,"column":16}},"type":"binary-expr","locations":[{"start":{"line":78,"column":10},"end":{"line":78,"column":16}},{"start":{"line":78,"column":10},"end":{"line":78,"column":16}}]},"8":{"loc":{"start":{"line":86,"column":6},"end":{"line":86,"column":37}},"type":"if","locations":[{"start":{"line":86,"column":6},"end":{"line":86,"column":37}}]},"9":{"loc":{"start":{"line":86,"column":10},"end":{"line":86,"column":23}},"type":"cond-expr","locations":[{"start":{"line":86,"column":14},"end":{"line":86,"column":16}},{"start":{"line":86,"column":10},"end":{"line":86,"column":23}}]},"10":{"loc":{"start":{"line":86,"column":10},"end":{"line":86,"column":16}},"type":"binary-expr","locations":[{"start":{"line":86,"column":10},"end":{"line":86,"column":16}},{"start":{"line":86,"column":10},"end":{"line":86,"column":16}}]},"11":{"loc":{"start":{"line":98,"column":4},"end":{"line":98,"column":42}},"type":"if","locations":[{"start":{"line":98,"column":4},"end":{"line":98,"column":42}}]},"12":{"loc":{"start":{"line":98,"column":8},"end":{"line":98,"column":21}},"type":"cond-expr","locations":[{"start":{"line":98,"column":12},"end":{"line":98,"column":14}},{"start":{"line":98,"column":8},"end":{"line":98,"column":21}}]},"13":{"loc":{"start":{"line":98,"column":8},"end":{"line":98,"column":14}},"type":"binary-expr","locations":[{"start":{"line":98,"column":8},"end":{"line":98,"column":14}},{"start":{"line":98,"column":8},"end":{"line":98,"column":14}}]},"14":{"loc":{"start":{"line":136,"column":4},"end":{"line":136,"column":35}},"type":"if","locations":[{"start":{"line":136,"column":4},"end":{"line":136,"column":35}}]},"15":{"loc":{"start":{"line":136,"column":8},"end":{"line":136,"column":21}},"type":"cond-expr","locations":[{"start":{"line":136,"column":12},"end":{"line":136,"column":14}},{"start":{"line":136,"column":8},"end":{"line":136,"column":21}}]},"16":{"loc":{"start":{"line":136,"column":8},"end":{"line":136,"column":14}},"type":"binary-expr","locations":[{"start":{"line":136,"column":8},"end":{"line":136,"column":14}},{"start":{"line":136,"column":8},"end":{"line":136,"column":14}}]},"17":{"loc":{"start":{"line":174,"column":6},"end":{"line":174,"column":37}},"type":"if","locations":[{"start":{"line":174,"column":6},"end":{"line":174,"column":37}}]},"18":{"loc":{"start":{"line":174,"column":10},"end":{"line":174,"column":23}},"type":"cond-expr","locations":[{"start":{"line":174,"column":14},"end":{"line":174,"column":16}},{"start":{"line":174,"column":10},"end":{"line":174,"column":23}}]},"19":{"loc":{"start":{"line":174,"column":10},"end":{"line":174,"column":16}},"type":"binary-expr","locations":[{"start":{"line":174,"column":10},"end":{"line":174,"column":16}},{"start":{"line":174,"column":10},"end":{"line":174,"column":16}}]},"20":{"loc":{"start":{"line":193,"column":6},"end":{"line":193,"column":37}},"type":"if","locations":[{"start":{"line":193,"column":6},"end":{"line":193,"column":37}}]},"21":{"loc":{"start":{"line":193,"column":10},"end":{"line":193,"column":23}},"type":"cond-expr","locations":[{"start":{"line":193,"column":14},"end":{"line":193,"column":16}},{"start":{"line":193,"column":10},"end":{"line":193,"column":23}}]},"22":{"loc":{"start":{"line":193,"column":10},"end":{"line":193,"column":16}},"type":"binary-expr","locations":[{"start":{"line":193,"column":10},"end":{"line":193,"column":16}},{"start":{"line":193,"column":10},"end":{"line":193,"column":16}}]},"23":{"loc":{"start":{"line":207,"column":6},"end":{"line":207,"column":37}},"type":"if","locations":[{"start":{"line":207,"column":6},"end":{"line":207,"column":37}}]},"24":{"loc":{"start":{"line":207,"column":10},"end":{"line":207,"column":23}},"type":"cond-expr","locations":[{"start":{"line":207,"column":14},"end":{"line":207,"column":16}},{"start":{"line":207,"column":10},"end":{"line":207,"column":23}}]},"25":{"loc":{"start":{"line":207,"column":10},"end":{"line":207,"column":16}},"type":"binary-expr","locations":[{"start":{"line":207,"column":10},"end":{"line":207,"column":16}},{"start":{"line":207,"column":10},"end":{"line":207,"column":16}}]},"26":{"loc":{"start":{"line":221,"column":6},"end":{"line":221,"column":37}},"type":"if","locations":[{"start":{"line":221,"column":6},"end":{"line":221,"column":37}}]},"27":{"loc":{"start":{"line":221,"column":10},"end":{"line":221,"column":23}},"type":"cond-expr","locations":[{"start":{"line":221,"column":14},"end":{"line":221,"column":16}},{"start":{"line":221,"column":10},"end":{"line":221,"column":23}}]},"28":{"loc":{"start":{"line":221,"column":10},"end":{"line":221,"column":16}},"type":"binary-expr","locations":[{"start":{"line":221,"column":10},"end":{"line":221,"column":16}},{"start":{"line":221,"column":10},"end":{"line":221,"column":16}}]}},"s":{"0":1,"1":1,"2":1,"3":0,"4":0,"5":1,"6":0,"7":0,"8":0,"9":0,"10":0,"11":0,"12":0,"13":1,"14":1,"15":0,"16":0,"17":0,"18":0,"19":0,"20":0,"21":0,"22":0,"23":0,"24":0,"25":0,"26":0,"27":0,"28":0,"29":0,"30":1,"31":1,"32":0,"33":0,"34":0,"35":0,"36":0,"37":1,"38":1,"39":0,"40":0,"41":0,"42":0,"43":0,"44":1,"45":1,"46":0,"47":0,"48":0,"49":0,"50":1,"51":1,"52":0,"53":0,"54":0,"55":0,"56":1,"57":1,"58":0,"59":0,"60":1,"61":1,"62":0,"63":0,"64":0,"65":0,"66":0,"67":1,"68":1,"69":0,"70":0,"71":0,"72":0,"73":0,"74":1,"75":1,"76":0,"77":0,"78":0,"79":0,"80":0,"81":1,"82":1,"83":0,"84":0,"85":0,"86":0,"87":0,"88":1,"89":1,"90":0,"91":1,"92":1,"93":0,"94":1,"95":1,"96":0,"97":0,"98":1},"f":{"0":0,"1":0,"2":0,"3":0,"4":0,"5":0,"6":0,"7":0,"8":0,"9":0,"10":0,"11":0,"12":0,"13":0,"14":0,"15":0,"16":0,"17":0,"18":0,"19":0,"20":0,"21":0,"22":0,"23":0,"24":0,"25":0,"26":0,"27":0,"28":0,"29":0,"30":0,"31":0,"32":0,"33":0,"34":0},"b":{"0":[0,0],"1":[0],"2":[0,0,0],"3":[0],"4":[0],"5":[0],"6":[0,0],"7":[0,0],"8":[0],"9":[0,0],"10":[0,0],"11":[0],"12":[0,0],"13":[0,0],"14":[0],"15":[0,0],"16":[0,0],"17":[0],"18":[0,0],"19":[0,0],"20":[0],"21":[0,0],"22":[0,0],"23":[0],"24":[0,0],"25":[0,0],"26":[0],"27":[0,0],"28":[0,0]}}
,"C:\\Users\\lench\\stellar-burgers\\src\\utils\\cookie.ts": {"path":"C:\\Users\\lench\\stellar-burgers\\src\\utils\\cookie.ts","statementMap":{"0":{"start":{"line":1,"column":0},"end":{"line":1,"column":16}},"1":{"start":{"line":13,"column":0},"end":{"line":13,"column":16}},"2":{"start":{"line":45,"column":0},"end":{"line":45,"column":16}},"3":{"start":{"line":2,"column":18},"end":{"line":8,"column":null}},"4":{"start":{"line":10,"column":2},"end":{"line":10,"column":62}},"5":{"start":{"line":16,"column":2},"end":{"line":16,"column":null}},"6":{"start":{"line":18,"column":2},"end":{"line":21,"column":4}},"7":{"start":{"line":23,"column":12},"end":{"line":23,"column":25}},"8":{"start":{"line":24,"column":2},"end":{"line":28,"column":3}},"9":{"start":{"line":25,"column":14},"end":{"line":25,"column":24}},"10":{"start":{"line":26,"column":4},"end":{"line":26,"column":40}},"11":{"start":{"line":27,"column":4},"end":{"line":27,"column":28}},"12":{"start":{"line":30,"column":2},"end":{"line":32,"column":3}},"13":{"start":{"line":31,"column":4},"end":{"line":31,"column":38}},"14":{"start":{"line":33,"column":2},"end":{"line":33,"column":36}},"15":{"start":{"line":34,"column":22},"end":{"line":34,"column":40}},"16":{"start":{"line":35,"column":2},"end":{"line":41,"column":3}},"17":{"start":{"line":36,"column":4},"end":{"line":36,"column":37}},"18":{"start":{"line":37,"column":22},"end":{"line":37,"column":37}},"19":{"start":{"line":38,"column":4},"end":{"line":40,"column":5}},"20":{"start":{"line":39,"column":6},"end":{"line":39,"column":39}},"21":{"start":{"line":42,"column":2},"end":{"line":42,"column":34}},"22":{"start":{"line":46,"column":2},"end":{"line":46,"column":39}}},"fnMap":{"0":{"name":"getCookie","decl":{"start":{"line":1,"column":16},"end":{"line":1,"column":25}},"loc":{"start":{"line":1,"column":38},"end":{"line":11,"column":1}}},"1":{"name":"setCookie","decl":{"start":{"line":13,"column":16},"end":{"line":13,"column":25}},"loc":{"start":{"line":16,"column":65},"end":{"line":43,"column":1}}},"2":{"name":"deleteCookie","decl":{"start":{"line":45,"column":16},"end":{"line":45,"column":28}},"loc":{"start":{"line":45,"column":41},"end":{"line":47,"column":1}}}},"branchMap":{"0":{"loc":{"start":{"line":10,"column":9},"end":{"line":10,"column":61}},"type":"cond-expr","locations":[{"start":{"line":10,"column":19},"end":{"line":10,"column":49}},{"start":{"line":10,"column":52},"end":{"line":10,"column":61}}]},"1":{"loc":{"start":{"line":16,"column":2},"end":{"line":16,"column":null}},"type":"if","locations":[{"start":{"line":16,"column":2},"end":{"line":16,"column":null}}]},"2":{"loc":{"start":{"line":24,"column":2},"end":{"line":28,"column":3}},"type":"if","locations":[{"start":{"line":24,"column":2},"end":{"line":28,"column":3}}]},"3":{"loc":{"start":{"line":24,"column":6},"end":{"line":24,"column":36}},"type":"binary-expr","locations":[{"start":{"line":24,"column":6},"end":{"line":24,"column":9}},{"start":{"line":24,"column":13},"end":{"line":24,"column":36}}]},"4":{"loc":{"start":{"line":30,"column":2},"end":{"line":32,"column":3}},"type":"if","locations":[{"start":{"line":30,"column":2},"end":{"line":32,"column":3}}]},"5":{"loc":{"start":{"line":30,"column":6},"end":{"line":30,"column":32}},"type":"binary-expr","locations":[{"start":{"line":30,"column":6},"end":{"line":30,"column":9}},{"start":{"line":30,"column":13},"end":{"line":30,"column":32}}]},"6":{"loc":{"start":{"line":38,"column":4},"end":{"line":40,"column":5}},"type":"if","locations":[{"start":{"line":38,"column":4},"end":{"line":40,"column":5}}]}},"s":{"0":1,"1":1,"2":1,"3":0,"4":0,"5":0,"6":0,"7":0,"8":0,"9":0,"10":0,"11":0,"12":0,"13":0,"14":0,"15":0,"16":0,"17":0,"18":0,"19":0,"20":0,"21":0,"22":0},"f":{"0":0,"1":0,"2":0},"b":{"0":[0,0],"1":[0],"2":[0],"3":[0,0],"4":[0],"5":[0,0],"6":[0]}}
}
